<?xml version="1.0" encoding="UTF-8"?>
<testsuite xmlns:xsi="http://www.w3.org/2001/XMLSchema-instance" xsi:noNamespaceSchemaLocation="https://maven.apache.org/surefire/maven-surefire-plugin/xsd/surefire-test-report.xsd" name="br.com.stoom.store.BrandTest" time="0.426" tests="3" errors="0" skipped="0" failures="0">
  <properties>
[...]
</properties>
  <testcase name="shouldSaveBrand" classname="br.com.stoom.store.BrandTest" time="0.413"/>
  <testcase name="shouldInactivateBrand" classname="br.com.stoom.store.BrandTest" time="0.006"/>
  <testcase name="shouldActivateBrand" classname="br.com.stoom.store.BrandTest" time="0.001"/>
</testsuite>